\BOOKMARK [0][-]{chapter*.2}{Lista de Figuras}{}% 1
\BOOKMARK [0][-]{chapter.1}{Introdu\347\343o}{}% 2
\BOOKMARK [1][-]{section.1.1}{Tema}{chapter.1}% 3
\BOOKMARK [1][-]{section.1.2}{Delimita\347\343o}{chapter.1}% 4
\BOOKMARK [1][-]{section.1.3}{Justificativa}{chapter.1}% 5
\BOOKMARK [1][-]{section.1.4}{Objetivo}{chapter.1}% 6
\BOOKMARK [1][-]{section.1.5}{Metodologia}{chapter.1}% 7
\BOOKMARK [1][-]{section.1.6}{Materiais}{chapter.1}% 8
\BOOKMARK [1][-]{section.1.7}{Descri\347\343o}{chapter.1}% 9
\BOOKMARK [0][-]{chapter.2}{Conceitos Iniciais}{}% 10
\BOOKMARK [1][-]{section.2.1}{Kit de Desenvolvimento de Software \(SDK\)}{chapter.2}% 11
\BOOKMARK [1][-]{section.2.2}{Interface Gr\341fica \(UI\)}{chapter.2}% 12
\BOOKMARK [1][-]{section.2.3}{Experi\352ncia do Usu\341rio \(UX\)}{chapter.2}% 13
\BOOKMARK [1][-]{section.2.4}{Web Service}{chapter.2}% 14
\BOOKMARK [2][-]{subsection.2.4.1}{Rede de computadores}{section.2.4}% 15
\BOOKMARK [2][-]{subsection.2.4.2}{API}{section.2.4}% 16
\BOOKMARK [1][-]{section.2.5}{Cria\347\343o de projetos para Android e para iOS}{chapter.2}% 17
\BOOKMARK [2][-]{subsection.2.5.1}{Android Studio}{section.2.5}% 18
\BOOKMARK [2][-]{subsection.2.5.2}{XCode}{section.2.5}% 19
\BOOKMARK [0][-]{chapter*.5}{Refer\352ncias Bibliogr\341ficas}{}% 20
